[31m[31merror[31m[39m:   500 (Internal Server Error)
[31m[31merror[31m[39m:   500 (Internal Server Error)
[34m[34mdebug[34m[39m:   Uncaught Exception Err
[31m[31merror[31m[39m:   uncaughtException: Uncaught Exception Err
Error: Uncaught Exception Err
    at Object.<anonymous> (/home/viktoria/Projects/nodejs/src/app.ts:96:7)
    at Module._compile (internal/modules/cjs/loader.js:1137:30)
    at Module.m._compile (/home/viktoria/Projects/nodejs/node_modules/ts-node/src/index.ts:1295:23)
    at Module._extensions..js (internal/modules/cjs/loader.js:1157:10)
    at Object.require.extensions.<computed> [as .ts] (/home/viktoria/Projects/nodejs/node_modules/ts-node/src/index.ts:1298:12)
    at Module.load (internal/modules/cjs/loader.js:985:32)
    at Function.Module._load (internal/modules/cjs/loader.js:878:14)
    at Module.require (internal/modules/cjs/loader.js:1025:19)
    at require (internal/modules/cjs/helpers.js:72:18)
    at Object.<anonymous> (/home/viktoria/Projects/nodejs/src/server.ts:3:1)
[32m[32minfo[32m[39m:    url: /boards; query: [object Object]; body: undefined; status code: 200
[32m[32minfo[32m[39m:    url: /boards; query: {}; body: undefined; status code: 200
[32m[32minfo[32m[39m:    url: /boards/5c468d92-45fa-4a11-a7f4-e0a6f38d613a; query: {}; body: undefined; status code: 200
[32m[32minfo[32m[39m:    GET url: /boards/5c468d92-45fa-4a11-a7f4-e0a6f38d613a; query: {}; body: undefined; status code: 404
[32m[32minfo[32m[39m:    GET url: /boards/; query: {}; body: undefined; status code: 200
[32m[32minfo[32m[39m:    POST url: /boards/; query: {}; body: undefined; status code: 201
[32m[32minfo[32m[39m:    POST url: /boards/?qw=1&qwe=2; query: {"qw":"1","qwe":"2"}; body: undefined; status code: 201
[32m[32minfo[32m[39m:    POST url: /boards/?qw=1&qwe=2; query: {"qw":"1","qwe":"2"}; body: undefined; status code: 201
[32m[32minfo[32m[39m:    POST url: /boards/?qw=1&qwe=2; query: {"qw":"1","qwe":"2"}; body: undefined; status code: 201
[32m[32minfo[32m[39m:    POST url: /boards/?qw=1&qwe=2; query: {"qw":"1","qwe":"2"}; body: undefined; status code: 201
[32m[32minfo[32m[39m:    GET url: /boards/?qw=1&qwe=2; query: {"qw":"1","qwe":"2"}; body: {"title":"Very VERY VERY new task","order":1999,"description":"something interesting","userId":"06396aee-dc87-4c39-a451-89d39586ff70","boardId":"96cd500f-4297-4eed-8442-ce7a3df589e4","columnId":"123"}; status code: 200
